<?xml version="1.0" encoding="UTF-8"?>
<testng-results skipped="0" failed="0" ignored="0" total="1" passed="1">
  <reporter-output>
  </reporter-output>
  <suite name="Default suite" duration-ms="22373" started-at="2019-01-28T06:39:05Z" finished-at="2019-01-28T06:39:27Z">
    <groups>
    </groups>
    <test name="Default test" duration-ms="22373" started-at="2019-01-28T06:39:05Z" finished-at="2019-01-28T06:39:27Z">
      <class name="TestCases.verifyLogin">
        <test-method status="PASS" signature="verifyValidLogin()[pri:0, instance:TestCases.verifyLogin@396a51ab]" name="verifyValidLogin" duration-ms="22335" started-at="2019-01-28T06:39:05Z" finished-at="2019-01-28T06:39:27Z">
          <reporter-output>
          </reporter-output>
        </test-method> <!-- verifyValidLogin -->
      </class> <!-- TestCases.verifyLogin -->
    </test> <!-- Default test -->
  </suite> <!-- Default suite -->
</testng-results>
